
> school-checker@0.1.0 dev
> next dev

 ⚠ Port 3000 is in use by process 49960, using available port 3001 instead.
   ▲ Next.js 15.5.2
   - Local:        http://localhost:3001
   - Network:      http://127.171.170.228:3001
   - Environments: .env.local

 ✓ Starting...
 ✓ Ready in 1540ms
 ○ Compiling /best-primary-schools/[city] ...
 ✓ Compiled /best-primary-schools/[city] in 1094ms (915 modules)
London area check: {
  city: 'bristol',
  cityLower: 'bristol',
  cityWithSpaces: 'bristol',
  cityCapitalized: 'Bristol',
  isLondonArea: false,
  foundData: undefined
}
Pupil data debug: {
  totalSchools: 486,
  schoolsWithPupilData: 0,
  totalPupils: 0,
  averagePupils: 0,
  samplePupilNumbers: []
}
Pupil data debug: {
  totalSchools: 486,
  schoolsWithValidPupils: 348,
  samplePupilNumbers: [
    { name: 'Badocks Wood E-ACT Academy', pupils: '207' },
    { name: 'Badocks Wood Primary School', pupils: '268' },
    { name: 'Bank Leaze Junior School', pupils: null },
    { name: 'Bank Leaze Primary School', pupils: null },
    { name: 'Barley Close Community Primary School', pupils: '236' }
  ]
}
Inspection data sample: [
  {
    id: 3304,
    created_at: '2025-09-07T22:04:39.105345+00:00',
    updated_at: '2025-09-07T22:04:39.105345+00:00',
    urn: '108910',
    school_name: 'Brunel Field Primary School',
    ofsted_phase: 'Primary',
    type_of_education: 'Community School',
    local_authority: 'Bristol',
    postcode: 'BS7 9JT',
    total_pupils: 393,
    statutory_low_age: 4,
    statutory_high_age: 11,
    latest_inspection_number: '10297869',
    inspection_type: 'S5 Inspection',
    inspection_date: '2023-11-21',
    publication_date: '15/01/2024',
    outcome: 2,
    category_of_concern: null,
    quality_of_education: 2,
    behaviour_and_attitudes: 2,
    personal_development: 2,
    effectiveness_of_leadership: 2,
    safeguarding_effective: 'Yes',
    early_years_provision: 2,
    sixth_form_provision: 9,
    previous_inspection_number: 'ITS377848',
    previous_inspection_date: '01/12/2011',
    previous_publication_date: '06/01/2012',
    previous_outcome: 1,
    latest_ungraded_inspection_number: 'NULL',
    ungraded_inspection_date: 'NULL',
    ungraded_publication_date: 'NULL',
    ungraded_outcome: 'NULL',
    ofsted_report_url: 'http://www.ofsted.gov.uk/inspection-reports/find-inspection-report/provider/ELS/108910',
    import_date: '2025-09-07T22:04:35.866+00:00',
    data_source: 'Management_information_-_state-funded_schools_-_latest_inspections_as_at_31_July_2025.csv'
  },
  {
    id: 3305,
    created_at: '2025-09-07T22:04:39.105345+00:00',
    updated_at: '2025-09-07T22:04:39.105345+00:00',
    urn: '108911',
    school_name: 'Ashley Down Primary School',
    ofsted_phase: 'Primary',
    type_of_education: 'Community School',
    local_authority: 'Bristol',
    postcode: 'BS7 9PD',
    total_pupils: 397,
    statutory_low_age: 4,
    statutory_high_age: 11,
    latest_inspection_number: '10049207',
    inspection_type: 'Exempt School Inspection',
    inspection_date: '2019-01-30',
    publication_date: '28/02/2019',
    outcome: 2,
    category_of_concern: null,
    quality_of_education: 9,
    behaviour_and_attitudes: 9,
    personal_development: 9,
    effectiveness_of_leadership: 2,
    safeguarding_effective: 'Yes',
    early_years_provision: 2,
    sixth_form_provision: 9,
    previous_inspection_number: 'ITS324862',
    previous_inspection_date: '14/05/2009',
    previous_publication_date: '10/06/2009',
    previous_outcome: 1,
    latest_ungraded_inspection_number: '10344437',
    ungraded_inspection_date: '18/12/2024',
    ungraded_publication_date: '27/01/2025',
    ungraded_outcome: 'Standards maintained',
    ofsted_report_url: 'http://www.ofsted.gov.uk/inspection-reports/find-inspection-report/provider/ELS/108911',
    import_date: '2025-09-07T22:04:35.866+00:00',
    data_source: 'Management_information_-_state-funded_schools_-_latest_inspections_as_at_31_July_2025.csv'
  },
  {
    id: 3306,
    created_at: '2025-09-07T22:04:39.105345+00:00',
    updated_at: '2025-09-07T22:04:39.105345+00:00',
    urn: '108919',
    school_name: 'Broomhill Junior School',
    ofsted_phase: 'Primary',
    type_of_education: 'Community School',
    local_authority: 'Bristol',
    postcode: 'BS4 4NZ',
    total_pupils: 199,
    statutory_low_age: 7,
    statutory_high_age: 11,
    latest_inspection_number: 'ITS377850',
    inspection_type: 'S5 Inspection',
    inspection_date: '2011-11-23',
    publication_date: '15/12/2011',
    outcome: 2,
    category_of_concern: null,
    quality_of_education: 9,
    behaviour_and_attitudes: 9,
    personal_development: 9,
    effectiveness_of_leadership: 2,
    safeguarding_effective: '9',
    early_years_provision: 9,
    sixth_form_provision: 9,
    previous_inspection_number: 'ITS288223',
    previous_inspection_date: '09/01/2007',
    previous_publication_date: '23/01/2007',
    previous_outcome: 2,
    latest_ungraded_inspection_number: '10199977',
    ungraded_inspection_date: '07/10/2021',
    ungraded_publication_date: '28/11/2021',
    ungraded_outcome: 'School remains Good',
    ofsted_report_url: 'http://www.ofsted.gov.uk/inspection-reports/find-inspection-report/provider/ELS/108919',
    import_date: '2025-09-07T22:04:35.866+00:00',
    data_source: 'Management_information_-_state-funded_schools_-_latest_inspections_as_at_31_July_2025.csv'
  }
]
All inspection outcomes: [
  2, 2, 2, 2, 2, 2, 2, 2, 2, 2, 2, 2,
  2, 2, 3, 2, 1, 2, 2, 1, 3, 1, 1, 2,
  2, 2, 2, 2, 2, 2, 2, 2, 2, 2, 2, 2,
  2, 2, 2, 2, 2, 2, 2, 2, 2, 2, 3, 2,
  2, 2, 2, 2, 2, 2, 2, 2, 2, 2, 2, 2,
  2, 2, 2, 2, 2, 3, 2, 2, 1, 3, 2, 2,
  2, 2, 2, 2, 2, 2, 1, 2, 3, 2, 2, 2,
  2, 2, 2, 2, 2, 2, 1, 2, 3, 1, 2, 2,
  2, 2, 2, 2,
  ... 102 more items
]
Outcome code mapping: {
  '1': 'Outstanding',
  '2': 'Good',
  '3': 'Requires improvement',
  '4': 'Inadequate'
}
City: bristol, CityDisplayName: Bristol, Schools: 486, Inspections: 241, Outstanding: 21, Good: 193
LocalRankings sample: [
  { urn: '108910', rank: 132 },
  { urn: '108911', rank: 98 },
  { urn: '108912', rank: 73 },
  { urn: '108914', rank: 223 },
  { urn: '108919', rank: 175 }
]
TopRankedSchool: {
  name: "St Mary's Church of England Primary School, Yate",
  urn: '109264',
  rank: 1
}
 GET /best-primary-schools/bristol 200 in 12256ms
London area check: {
  city: 'bristol',
  cityLower: 'bristol',
  cityWithSpaces: 'bristol',
  cityCapitalized: 'Bristol',
  isLondonArea: false,
  foundData: undefined
}
Pupil data debug: {
  totalSchools: 486,
  schoolsWithPupilData: 0,
  totalPupils: 0,
  averagePupils: 0,
  samplePupilNumbers: []
}
Pupil data debug: {
  totalSchools: 486,
  schoolsWithValidPupils: 348,
  samplePupilNumbers: [
    { name: 'Badocks Wood E-ACT Academy', pupils: '207' },
    { name: 'Badocks Wood Primary School', pupils: '268' },
    { name: 'Bank Leaze Junior School', pupils: null },
    { name: 'Bank Leaze Primary School', pupils: null },
    { name: 'Barley Close Community Primary School', pupils: '236' }
  ]
}
Inspection data sample: [
  {
    id: 3304,
    created_at: '2025-09-07T22:04:39.105345+00:00',
    updated_at: '2025-09-07T22:04:39.105345+00:00',
    urn: '108910',
    school_name: 'Brunel Field Primary School',
    ofsted_phase: 'Primary',
    type_of_education: 'Community School',
    local_authority: 'Bristol',
    postcode: 'BS7 9JT',
    total_pupils: 393,
    statutory_low_age: 4,
    statutory_high_age: 11,
    latest_inspection_number: '10297869',
    inspection_type: 'S5 Inspection',
    inspection_date: '2023-11-21',
    publication_date: '15/01/2024',
    outcome: 2,
    category_of_concern: null,
    quality_of_education: 2,
    behaviour_and_attitudes: 2,
    personal_development: 2,
    effectiveness_of_leadership: 2,
    safeguarding_effective: 'Yes',
    early_years_provision: 2,
    sixth_form_provision: 9,
    previous_inspection_number: 'ITS377848',
    previous_inspection_date: '01/12/2011',
    previous_publication_date: '06/01/2012',
    previous_outcome: 1,
    latest_ungraded_inspection_number: 'NULL',
    ungraded_inspection_date: 'NULL',
    ungraded_publication_date: 'NULL',
    ungraded_outcome: 'NULL',
    ofsted_report_url: 'http://www.ofsted.gov.uk/inspection-reports/find-inspection-report/provider/ELS/108910',
    import_date: '2025-09-07T22:04:35.866+00:00',
    data_source: 'Management_information_-_state-funded_schools_-_latest_inspections_as_at_31_July_2025.csv'
  },
  {
    id: 3305,
    created_at: '2025-09-07T22:04:39.105345+00:00',
    updated_at: '2025-09-07T22:04:39.105345+00:00',
    urn: '108911',
    school_name: 'Ashley Down Primary School',
    ofsted_phase: 'Primary',
    type_of_education: 'Community School',
    local_authority: 'Bristol',
    postcode: 'BS7 9PD',
    total_pupils: 397,
    statutory_low_age: 4,
    statutory_high_age: 11,
    latest_inspection_number: '10049207',
    inspection_type: 'Exempt School Inspection',
    inspection_date: '2019-01-30',
    publication_date: '28/02/2019',
    outcome: 2,
    category_of_concern: null,
    quality_of_education: 9,
    behaviour_and_attitudes: 9,
    personal_development: 9,
    effectiveness_of_leadership: 2,
    safeguarding_effective: 'Yes',
    early_years_provision: 2,
    sixth_form_provision: 9,
    previous_inspection_number: 'ITS324862',
    previous_inspection_date: '14/05/2009',
    previous_publication_date: '10/06/2009',
    previous_outcome: 1,
    latest_ungraded_inspection_number: '10344437',
    ungraded_inspection_date: '18/12/2024',
    ungraded_publication_date: '27/01/2025',
    ungraded_outcome: 'Standards maintained',
    ofsted_report_url: 'http://www.ofsted.gov.uk/inspection-reports/find-inspection-report/provider/ELS/108911',
    import_date: '2025-09-07T22:04:35.866+00:00',
    data_source: 'Management_information_-_state-funded_schools_-_latest_inspections_as_at_31_July_2025.csv'
  },
  {
    id: 3306,
    created_at: '2025-09-07T22:04:39.105345+00:00',
    updated_at: '2025-09-07T22:04:39.105345+00:00',
    urn: '108919',
    school_name: 'Broomhill Junior School',
    ofsted_phase: 'Primary',
    type_of_education: 'Community School',
    local_authority: 'Bristol',
    postcode: 'BS4 4NZ',
    total_pupils: 199,
    statutory_low_age: 7,
    statutory_high_age: 11,
    latest_inspection_number: 'ITS377850',
    inspection_type: 'S5 Inspection',
    inspection_date: '2011-11-23',
    publication_date: '15/12/2011',
    outcome: 2,
    category_of_concern: null,
    quality_of_education: 9,
    behaviour_and_attitudes: 9,
    personal_development: 9,
    effectiveness_of_leadership: 2,
    safeguarding_effective: '9',
    early_years_provision: 9,
    sixth_form_provision: 9,
    previous_inspection_number: 'ITS288223',
    previous_inspection_date: '09/01/2007',
    previous_publication_date: '23/01/2007',
    previous_outcome: 2,
    latest_ungraded_inspection_number: '10199977',
    ungraded_inspection_date: '07/10/2021',
    ungraded_publication_date: '28/11/2021',
    ungraded_outcome: 'School remains Good',
    ofsted_report_url: 'http://www.ofsted.gov.uk/inspection-reports/find-inspection-report/provider/ELS/108919',
    import_date: '2025-09-07T22:04:35.866+00:00',
    data_source: 'Management_information_-_state-funded_schools_-_latest_inspections_as_at_31_July_2025.csv'
  }
]
All inspection outcomes: [
  2, 2, 2, 2, 2, 2, 2, 2, 2, 2, 2, 2,
  2, 2, 3, 2, 1, 2, 2, 1, 3, 1, 1, 2,
  2, 2, 2, 2, 2, 2, 2, 2, 2, 2, 2, 2,
  2, 2, 2, 2, 2, 2, 2, 2, 2, 2, 3, 2,
  2, 2, 2, 2, 2, 2, 2, 2, 2, 2, 2, 2,
  2, 2, 2, 2, 2, 3, 2, 2, 1, 3, 2, 2,
  2, 2, 2, 2, 2, 2, 1, 2, 3, 2, 2, 2,
  2, 2, 2, 2, 2, 2, 1, 2, 3, 1, 2, 2,
  2, 2, 2, 2,
  ... 102 more items
]
Outcome code mapping: {
  '1': 'Outstanding',
  '2': 'Good',
  '3': 'Requires improvement',
  '4': 'Inadequate'
}
City: bristol, CityDisplayName: Bristol, Schools: 486, Inspections: 241, Outstanding: 21, Good: 193
LocalRankings sample: [
  { urn: '108910', rank: 132 },
  { urn: '108911', rank: 98 },
  { urn: '108912', rank: 73 },
  { urn: '108914', rank: 223 },
  { urn: '108919', rank: 175 }
]
TopRankedSchool: {
  name: "St Mary's Church of England Primary School, Yate",
  urn: '109264',
  rank: 1
}
 GET /best-primary-schools/bristol 200 in 2010ms
 ✓ Compiled in 1364ms (353 modules)
 ○ Compiling /best-primary-schools/[city] ...
 ✓ Compiled /best-primary-schools/[city] in 593ms (576 modules)
London area check: {
  city: 'bristol',
  cityLower: 'bristol',
  cityWithSpaces: 'bristol',
  cityCapitalized: 'Bristol',
  isLondonArea: false,
  foundData: undefined
}
Pupil data debug: {
  totalSchools: 486,
  schoolsWithPupilData: 0,
  totalPupils: 0,
  averagePupils: 0,
  samplePupilNumbers: []
}
Pupil data debug: {
  totalSchools: 486,
  schoolsWithValidPupils: 348,
  samplePupilNumbers: [
    { name: 'Badocks Wood E-ACT Academy', pupils: '207' },
    { name: 'Badocks Wood Primary School', pupils: '268' },
    { name: 'Bank Leaze Junior School', pupils: null },
    { name: 'Bank Leaze Primary School', pupils: null },
    { name: 'Barley Close Community Primary School', pupils: '236' }
  ]
}
Inspection data sample: [
  {
    id: 3304,
    created_at: '2025-09-07T22:04:39.105345+00:00',
    updated_at: '2025-09-07T22:04:39.105345+00:00',
    urn: '108910',
    school_name: 'Brunel Field Primary School',
    ofsted_phase: 'Primary',
    type_of_education: 'Community School',
    local_authority: 'Bristol',
    postcode: 'BS7 9JT',
    total_pupils: 393,
    statutory_low_age: 4,
    statutory_high_age: 11,
    latest_inspection_number: '10297869',
    inspection_type: 'S5 Inspection',
    inspection_date: '2023-11-21',
    publication_date: '15/01/2024',
    outcome: 2,
    category_of_concern: null,
    quality_of_education: 2,
    behaviour_and_attitudes: 2,
    personal_development: 2,
    effectiveness_of_leadership: 2,
    safeguarding_effective: 'Yes',
    early_years_provision: 2,
    sixth_form_provision: 9,
    previous_inspection_number: 'ITS377848',
    previous_inspection_date: '01/12/2011',
    previous_publication_date: '06/01/2012',
    previous_outcome: 1,
    latest_ungraded_inspection_number: 'NULL',
    ungraded_inspection_date: 'NULL',
    ungraded_publication_date: 'NULL',
    ungraded_outcome: 'NULL',
    ofsted_report_url: 'http://www.ofsted.gov.uk/inspection-reports/find-inspection-report/provider/ELS/108910',
    import_date: '2025-09-07T22:04:35.866+00:00',
    data_source: 'Management_information_-_state-funded_schools_-_latest_inspections_as_at_31_July_2025.csv'
  },
  {
    id: 3305,
    created_at: '2025-09-07T22:04:39.105345+00:00',
    updated_at: '2025-09-07T22:04:39.105345+00:00',
    urn: '108911',
    school_name: 'Ashley Down Primary School',
    ofsted_phase: 'Primary',
    type_of_education: 'Community School',
    local_authority: 'Bristol',
    postcode: 'BS7 9PD',
    total_pupils: 397,
    statutory_low_age: 4,
    statutory_high_age: 11,
    latest_inspection_number: '10049207',
    inspection_type: 'Exempt School Inspection',
    inspection_date: '2019-01-30',
    publication_date: '28/02/2019',
    outcome: 2,
    category_of_concern: null,
    quality_of_education: 9,
    behaviour_and_attitudes: 9,
    personal_development: 9,
    effectiveness_of_leadership: 2,
    safeguarding_effective: 'Yes',
    early_years_provision: 2,
    sixth_form_provision: 9,
    previous_inspection_number: 'ITS324862',
    previous_inspection_date: '14/05/2009',
    previous_publication_date: '10/06/2009',
    previous_outcome: 1,
    latest_ungraded_inspection_number: '10344437',
    ungraded_inspection_date: '18/12/2024',
    ungraded_publication_date: '27/01/2025',
    ungraded_outcome: 'Standards maintained',
    ofsted_report_url: 'http://www.ofsted.gov.uk/inspection-reports/find-inspection-report/provider/ELS/108911',
    import_date: '2025-09-07T22:04:35.866+00:00',
    data_source: 'Management_information_-_state-funded_schools_-_latest_inspections_as_at_31_July_2025.csv'
  },
  {
    id: 3306,
    created_at: '2025-09-07T22:04:39.105345+00:00',
    updated_at: '2025-09-07T22:04:39.105345+00:00',
    urn: '108919',
    school_name: 'Broomhill Junior School',
    ofsted_phase: 'Primary',
    type_of_education: 'Community School',
    local_authority: 'Bristol',
    postcode: 'BS4 4NZ',
    total_pupils: 199,
    statutory_low_age: 7,
    statutory_high_age: 11,
    latest_inspection_number: 'ITS377850',
    inspection_type: 'S5 Inspection',
    inspection_date: '2011-11-23',
    publication_date: '15/12/2011',
    outcome: 2,
    category_of_concern: null,
    quality_of_education: 9,
    behaviour_and_attitudes: 9,
    personal_development: 9,
    effectiveness_of_leadership: 2,
    safeguarding_effective: '9',
    early_years_provision: 9,
    sixth_form_provision: 9,
    previous_inspection_number: 'ITS288223',
    previous_inspection_date: '09/01/2007',
    previous_publication_date: '23/01/2007',
    previous_outcome: 2,
    latest_ungraded_inspection_number: '10199977',
    ungraded_inspection_date: '07/10/2021',
    ungraded_publication_date: '28/11/2021',
    ungraded_outcome: 'School remains Good',
    ofsted_report_url: 'http://www.ofsted.gov.uk/inspection-reports/find-inspection-report/provider/ELS/108919',
    import_date: '2025-09-07T22:04:35.866+00:00',
    data_source: 'Management_information_-_state-funded_schools_-_latest_inspections_as_at_31_July_2025.csv'
  }
]
All inspection outcomes: [
  2, 2, 2, 2, 2, 2, 2, 2, 2, 2, 2, 2,
  2, 2, 3, 2, 1, 2, 2, 1, 3, 1, 1, 2,
  2, 2, 2, 2, 2, 2, 2, 2, 2, 2, 2, 2,
  2, 2, 2, 2, 2, 2, 2, 2, 2, 2, 3, 2,
  2, 2, 2, 2, 2, 2, 2, 2, 2, 2, 2, 2,
  2, 2, 2, 2, 2, 3, 2, 2, 1, 3, 2, 2,
  2, 2, 2, 2, 2, 2, 1, 2, 3, 2, 2, 2,
  2, 2, 2, 2, 2, 2, 1, 2, 3, 1, 2, 2,
  2, 2, 2, 2,
  ... 102 more items
]
Outcome code mapping: {
  '1': 'Outstanding',
  '2': 'Good',
  '3': 'Requires improvement',
  '4': 'Inadequate'
}
City: bristol, CityDisplayName: Bristol, Schools: 486, Inspections: 241, Outstanding: 21, Good: 193
LocalRankings sample: [
  { urn: '108910', rank: 132 },
  { urn: '108911', rank: 98 },
  { urn: '108912', rank: 73 },
  { urn: '108914', rank: 223 },
  { urn: '108919', rank: 175 }
]
TopRankedSchool: {
  name: "St Mary's Church of England Primary School, Yate",
  urn: '109264',
  rank: 1
}
 GET /best-primary-schools/bristol 200 in 3706ms
London area check: {
  city: 'bristol',
  cityLower: 'bristol',
  cityWithSpaces: 'bristol',
  cityCapitalized: 'Bristol',
  isLondonArea: false,
  foundData: undefined
}
Pupil data debug: {
  totalSchools: 486,
  schoolsWithPupilData: 0,
  totalPupils: 0,
  averagePupils: 0,
  samplePupilNumbers: []
}
Pupil data debug: {
  totalSchools: 486,
  schoolsWithValidPupils: 348,
  samplePupilNumbers: [
    { name: 'Badocks Wood E-ACT Academy', pupils: '207' },
    { name: 'Badocks Wood Primary School', pupils: '268' },
    { name: 'Bank Leaze Junior School', pupils: null },
    { name: 'Bank Leaze Primary School', pupils: null },
    { name: 'Barley Close Community Primary School', pupils: '236' }
  ]
}
Inspection data sample: [
  {
    id: 3304,
    created_at: '2025-09-07T22:04:39.105345+00:00',
    updated_at: '2025-09-07T22:04:39.105345+00:00',
    urn: '108910',
    school_name: 'Brunel Field Primary School',
    ofsted_phase: 'Primary',
    type_of_education: 'Community School',
    local_authority: 'Bristol',
    postcode: 'BS7 9JT',
    total_pupils: 393,
    statutory_low_age: 4,
    statutory_high_age: 11,
    latest_inspection_number: '10297869',
    inspection_type: 'S5 Inspection',
    inspection_date: '2023-11-21',
    publication_date: '15/01/2024',
    outcome: 2,
    category_of_concern: null,
    quality_of_education: 2,
    behaviour_and_attitudes: 2,
    personal_development: 2,
    effectiveness_of_leadership: 2,
    safeguarding_effective: 'Yes',
    early_years_provision: 2,
    sixth_form_provision: 9,
    previous_inspection_number: 'ITS377848',
    previous_inspection_date: '01/12/2011',
    previous_publication_date: '06/01/2012',
    previous_outcome: 1,
    latest_ungraded_inspection_number: 'NULL',
    ungraded_inspection_date: 'NULL',
    ungraded_publication_date: 'NULL',
    ungraded_outcome: 'NULL',
    ofsted_report_url: 'http://www.ofsted.gov.uk/inspection-reports/find-inspection-report/provider/ELS/108910',
    import_date: '2025-09-07T22:04:35.866+00:00',
    data_source: 'Management_information_-_state-funded_schools_-_latest_inspections_as_at_31_July_2025.csv'
  },
  {
    id: 3305,
    created_at: '2025-09-07T22:04:39.105345+00:00',
    updated_at: '2025-09-07T22:04:39.105345+00:00',
    urn: '108911',
    school_name: 'Ashley Down Primary School',
    ofsted_phase: 'Primary',
    type_of_education: 'Community School',
    local_authority: 'Bristol',
    postcode: 'BS7 9PD',
    total_pupils: 397,
    statutory_low_age: 4,
    statutory_high_age: 11,
    latest_inspection_number: '10049207',
    inspection_type: 'Exempt School Inspection',
    inspection_date: '2019-01-30',
    publication_date: '28/02/2019',
    outcome: 2,
    category_of_concern: null,
    quality_of_education: 9,
    behaviour_and_attitudes: 9,
    personal_development: 9,
    effectiveness_of_leadership: 2,
    safeguarding_effective: 'Yes',
    early_years_provision: 2,
    sixth_form_provision: 9,
    previous_inspection_number: 'ITS324862',
    previous_inspection_date: '14/05/2009',
    previous_publication_date: '10/06/2009',
    previous_outcome: 1,
    latest_ungraded_inspection_number: '10344437',
    ungraded_inspection_date: '18/12/2024',
    ungraded_publication_date: '27/01/2025',
    ungraded_outcome: 'Standards maintained',
    ofsted_report_url: 'http://www.ofsted.gov.uk/inspection-reports/find-inspection-report/provider/ELS/108911',
    import_date: '2025-09-07T22:04:35.866+00:00',
    data_source: 'Management_information_-_state-funded_schools_-_latest_inspections_as_at_31_July_2025.csv'
  },
  {
    id: 3306,
    created_at: '2025-09-07T22:04:39.105345+00:00',
    updated_at: '2025-09-07T22:04:39.105345+00:00',
    urn: '108919',
    school_name: 'Broomhill Junior School',
    ofsted_phase: 'Primary',
    type_of_education: 'Community School',
    local_authority: 'Bristol',
    postcode: 'BS4 4NZ',
    total_pupils: 199,
    statutory_low_age: 7,
    statutory_high_age: 11,
    latest_inspection_number: 'ITS377850',
    inspection_type: 'S5 Inspection',
    inspection_date: '2011-11-23',
    publication_date: '15/12/2011',
    outcome: 2,
    category_of_concern: null,
    quality_of_education: 9,
    behaviour_and_attitudes: 9,
    personal_development: 9,
    effectiveness_of_leadership: 2,
    safeguarding_effective: '9',
    early_years_provision: 9,
    sixth_form_provision: 9,
    previous_inspection_number: 'ITS288223',
    previous_inspection_date: '09/01/2007',
    previous_publication_date: '23/01/2007',
    previous_outcome: 2,
    latest_ungraded_inspection_number: '10199977',
    ungraded_inspection_date: '07/10/2021',
    ungraded_publication_date: '28/11/2021',
    ungraded_outcome: 'School remains Good',
    ofsted_report_url: 'http://www.ofsted.gov.uk/inspection-reports/find-inspection-report/provider/ELS/108919',
    import_date: '2025-09-07T22:04:35.866+00:00',
    data_source: 'Management_information_-_state-funded_schools_-_latest_inspections_as_at_31_July_2025.csv'
  }
]
All inspection outcomes: [
  2, 2, 2, 2, 2, 2, 2, 2, 2, 2, 2, 2,
  2, 2, 3, 2, 1, 2, 2, 1, 3, 1, 1, 2,
  2, 2, 2, 2, 2, 2, 2, 2, 2, 2, 2, 2,
  2, 2, 2, 2, 2, 2, 2, 2, 2, 2, 3, 2,
  2, 2, 2, 2, 2, 2, 2, 2, 2, 2, 2, 2,
  2, 2, 2, 2, 2, 3, 2, 2, 1, 3, 2, 2,
  2, 2, 2, 2, 2, 2, 1, 2, 3, 2, 2, 2,
  2, 2, 2, 2, 2, 2, 1, 2, 3, 1, 2, 2,
  2, 2, 2, 2,
  ... 102 more items
]
Outcome code mapping: {
  '1': 'Outstanding',
  '2': 'Good',
  '3': 'Requires improvement',
  '4': 'Inadequate'
}
City: bristol, CityDisplayName: Bristol, Schools: 486, Inspections: 241, Outstanding: 21, Good: 193
LocalRankings sample: [
  { urn: '108910', rank: 132 },
  { urn: '108911', rank: 98 },
  { urn: '108912', rank: 73 },
  { urn: '108914', rank: 223 },
  { urn: '108919', rank: 175 }
]
TopRankedSchool: {
  name: "St Mary's Church of England Primary School, Yate",
  urn: '109264',
  rank: 1
}
 GET /best-primary-schools/bristol 200 in 4509ms
London area check: {
  city: 'bristol',
  cityLower: 'bristol',
  cityWithSpaces: 'bristol',
  cityCapitalized: 'Bristol',
  isLondonArea: false,
  foundData: undefined
}
Pupil data debug: {
  totalSchools: 486,
  schoolsWithPupilData: 0,
  totalPupils: 0,
  averagePupils: 0,
  samplePupilNumbers: []
}
Pupil data debug: {
  totalSchools: 486,
  schoolsWithValidPupils: 348,
  samplePupilNumbers: [
    { name: 'Badocks Wood E-ACT Academy', pupils: '207' },
    { name: 'Badocks Wood Primary School', pupils: '268' },
    { name: 'Bank Leaze Junior School', pupils: null },
    { name: 'Bank Leaze Primary School', pupils: null },
    { name: 'Barley Close Community Primary School', pupils: '236' }
  ]
}
Inspection data sample: [
  {
    id: 3304,
    created_at: '2025-09-07T22:04:39.105345+00:00',
    updated_at: '2025-09-07T22:04:39.105345+00:00',
    urn: '108910',
    school_name: 'Brunel Field Primary School',
    ofsted_phase: 'Primary',
    type_of_education: 'Community School',
    local_authority: 'Bristol',
    postcode: 'BS7 9JT',
    total_pupils: 393,
    statutory_low_age: 4,
    statutory_high_age: 11,
    latest_inspection_number: '10297869',
    inspection_type: 'S5 Inspection',
    inspection_date: '2023-11-21',
    publication_date: '15/01/2024',
    outcome: 2,
    category_of_concern: null,
    quality_of_education: 2,
    behaviour_and_attitudes: 2,
    personal_development: 2,
    effectiveness_of_leadership: 2,
    safeguarding_effective: 'Yes',
    early_years_provision: 2,
    sixth_form_provision: 9,
    previous_inspection_number: 'ITS377848',
    previous_inspection_date: '01/12/2011',
    previous_publication_date: '06/01/2012',
    previous_outcome: 1,
    latest_ungraded_inspection_number: 'NULL',
    ungraded_inspection_date: 'NULL',
    ungraded_publication_date: 'NULL',
    ungraded_outcome: 'NULL',
    ofsted_report_url: 'http://www.ofsted.gov.uk/inspection-reports/find-inspection-report/provider/ELS/108910',
    import_date: '2025-09-07T22:04:35.866+00:00',
    data_source: 'Management_information_-_state-funded_schools_-_latest_inspections_as_at_31_July_2025.csv'
  },
  {
    id: 3305,
    created_at: '2025-09-07T22:04:39.105345+00:00',
    updated_at: '2025-09-07T22:04:39.105345+00:00',
    urn: '108911',
    school_name: 'Ashley Down Primary School',
    ofsted_phase: 'Primary',
    type_of_education: 'Community School',
    local_authority: 'Bristol',
    postcode: 'BS7 9PD',
    total_pupils: 397,
    statutory_low_age: 4,
    statutory_high_age: 11,
    latest_inspection_number: '10049207',
    inspection_type: 'Exempt School Inspection',
    inspection_date: '2019-01-30',
    publication_date: '28/02/2019',
    outcome: 2,
    category_of_concern: null,
    quality_of_education: 9,
    behaviour_and_attitudes: 9,
    personal_development: 9,
    effectiveness_of_leadership: 2,
    safeguarding_effective: 'Yes',
    early_years_provision: 2,
    sixth_form_provision: 9,
    previous_inspection_number: 'ITS324862',
    previous_inspection_date: '14/05/2009',
    previous_publication_date: '10/06/2009',
    previous_outcome: 1,
    latest_ungraded_inspection_number: '10344437',
    ungraded_inspection_date: '18/12/2024',
    ungraded_publication_date: '27/01/2025',
    ungraded_outcome: 'Standards maintained',
    ofsted_report_url: 'http://www.ofsted.gov.uk/inspection-reports/find-inspection-report/provider/ELS/108911',
    import_date: '2025-09-07T22:04:35.866+00:00',
    data_source: 'Management_information_-_state-funded_schools_-_latest_inspections_as_at_31_July_2025.csv'
  },
  {
    id: 3306,
    created_at: '2025-09-07T22:04:39.105345+00:00',
    updated_at: '2025-09-07T22:04:39.105345+00:00',
    urn: '108919',
    school_name: 'Broomhill Junior School',
    ofsted_phase: 'Primary',
    type_of_education: 'Community School',
    local_authority: 'Bristol',
    postcode: 'BS4 4NZ',
    total_pupils: 199,
    statutory_low_age: 7,
    statutory_high_age: 11,
    latest_inspection_number: 'ITS377850',
    inspection_type: 'S5 Inspection',
    inspection_date: '2011-11-23',
    publication_date: '15/12/2011',
    outcome: 2,
    category_of_concern: null,
    quality_of_education: 9,
    behaviour_and_attitudes: 9,
    personal_development: 9,
    effectiveness_of_leadership: 2,
    safeguarding_effective: '9',
    early_years_provision: 9,
    sixth_form_provision: 9,
    previous_inspection_number: 'ITS288223',
    previous_inspection_date: '09/01/2007',
    previous_publication_date: '23/01/2007',
    previous_outcome: 2,
    latest_ungraded_inspection_number: '10199977',
    ungraded_inspection_date: '07/10/2021',
    ungraded_publication_date: '28/11/2021',
    ungraded_outcome: 'School remains Good',
    ofsted_report_url: 'http://www.ofsted.gov.uk/inspection-reports/find-inspection-report/provider/ELS/108919',
    import_date: '2025-09-07T22:04:35.866+00:00',
    data_source: 'Management_information_-_state-funded_schools_-_latest_inspections_as_at_31_July_2025.csv'
  }
]
All inspection outcomes: [
  2, 2, 2, 2, 2, 2, 2, 2, 2, 2, 2, 2,
  2, 2, 3, 2, 1, 2, 2, 1, 3, 1, 1, 2,
  2, 2, 2, 2, 2, 2, 2, 2, 2, 2, 2, 2,
  2, 2, 2, 2, 2, 2, 2, 2, 2, 2, 3, 2,
  2, 2, 2, 2, 2, 2, 2, 2, 2, 2, 2, 2,
  2, 2, 2, 2, 2, 3, 2, 2, 1, 3, 2, 2,
  2, 2, 2, 2, 2, 2, 1, 2, 3, 2, 2, 2,
  2, 2, 2, 2, 2, 2, 1, 2, 3, 1, 2, 2,
  2, 2, 2, 2,
  ... 102 more items
]
Outcome code mapping: {
  '1': 'Outstanding',
  '2': 'Good',
  '3': 'Requires improvement',
  '4': 'Inadequate'
}
City: bristol, CityDisplayName: Bristol, Schools: 486, Inspections: 241, Outstanding: 21, Good: 193
LocalRankings sample: [
  { urn: '108910', rank: 132 },
  { urn: '108911', rank: 98 },
  { urn: '108912', rank: 73 },
  { urn: '108914', rank: 223 },
  { urn: '108919', rank: 175 }
]
TopRankedSchool: {
  name: "St Mary's Church of England Primary School, Yate",
  urn: '109264',
  rank: 1
}
 GET /best-primary-schools/bristol 200 in 11530ms
London area check: {
  city: 'bristol',
  cityLower: 'bristol',
  cityWithSpaces: 'bristol',
  cityCapitalized: 'Bristol',
  isLondonArea: false,
  foundData: undefined
}
Pupil data debug: {
  totalSchools: 486,
  schoolsWithPupilData: 0,
  totalPupils: 0,
  averagePupils: 0,
  samplePupilNumbers: []
}
Pupil data debug: {
  totalSchools: 486,
  schoolsWithValidPupils: 348,
  samplePupilNumbers: [
    { name: 'Badocks Wood E-ACT Academy', pupils: '207' },
    { name: 'Badocks Wood Primary School', pupils: '268' },
    { name: 'Bank Leaze Junior School', pupils: null },
    { name: 'Bank Leaze Primary School', pupils: null },
    { name: 'Barley Close Community Primary School', pupils: '236' }
  ]
}
Inspection data sample: [
  {
    id: 3304,
    created_at: '2025-09-07T22:04:39.105345+00:00',
    updated_at: '2025-09-07T22:04:39.105345+00:00',
    urn: '108910',
    school_name: 'Brunel Field Primary School',
    ofsted_phase: 'Primary',
    type_of_education: 'Community School',
    local_authority: 'Bristol',
    postcode: 'BS7 9JT',
    total_pupils: 393,
    statutory_low_age: 4,
    statutory_high_age: 11,
    latest_inspection_number: '10297869',
    inspection_type: 'S5 Inspection',
    inspection_date: '2023-11-21',
    publication_date: '15/01/2024',
    outcome: 2,
    category_of_concern: null,
    quality_of_education: 2,
    behaviour_and_attitudes: 2,
    personal_development: 2,
    effectiveness_of_leadership: 2,
    safeguarding_effective: 'Yes',
    early_years_provision: 2,
    sixth_form_provision: 9,
    previous_inspection_number: 'ITS377848',
    previous_inspection_date: '01/12/2011',
    previous_publication_date: '06/01/2012',
    previous_outcome: 1,
    latest_ungraded_inspection_number: 'NULL',
    ungraded_inspection_date: 'NULL',
    ungraded_publication_date: 'NULL',
    ungraded_outcome: 'NULL',
    ofsted_report_url: 'http://www.ofsted.gov.uk/inspection-reports/find-inspection-report/provider/ELS/108910',
    import_date: '2025-09-07T22:04:35.866+00:00',
    data_source: 'Management_information_-_state-funded_schools_-_latest_inspections_as_at_31_July_2025.csv'
  },
  {
    id: 3305,
    created_at: '2025-09-07T22:04:39.105345+00:00',
    updated_at: '2025-09-07T22:04:39.105345+00:00',
    urn: '108911',
    school_name: 'Ashley Down Primary School',
    ofsted_phase: 'Primary',
    type_of_education: 'Community School',
    local_authority: 'Bristol',
    postcode: 'BS7 9PD',
    total_pupils: 397,
    statutory_low_age: 4,
    statutory_high_age: 11,
    latest_inspection_number: '10049207',
    inspection_type: 'Exempt School Inspection',
    inspection_date: '2019-01-30',
    publication_date: '28/02/2019',
    outcome: 2,
    category_of_concern: null,
    quality_of_education: 9,
    behaviour_and_attitudes: 9,
    personal_development: 9,
    effectiveness_of_leadership: 2,
    safeguarding_effective: 'Yes',
    early_years_provision: 2,
    sixth_form_provision: 9,
    previous_inspection_number: 'ITS324862',
    previous_inspection_date: '14/05/2009',
    previous_publication_date: '10/06/2009',
    previous_outcome: 1,
    latest_ungraded_inspection_number: '10344437',
    ungraded_inspection_date: '18/12/2024',
    ungraded_publication_date: '27/01/2025',
    ungraded_outcome: 'Standards maintained',
    ofsted_report_url: 'http://www.ofsted.gov.uk/inspection-reports/find-inspection-report/provider/ELS/108911',
    import_date: '2025-09-07T22:04:35.866+00:00',
    data_source: 'Management_information_-_state-funded_schools_-_latest_inspections_as_at_31_July_2025.csv'
  },
  {
    id: 3306,
    created_at: '2025-09-07T22:04:39.105345+00:00',
    updated_at: '2025-09-07T22:04:39.105345+00:00',
    urn: '108919',
    school_name: 'Broomhill Junior School',
    ofsted_phase: 'Primary',
    type_of_education: 'Community School',
    local_authority: 'Bristol',
    postcode: 'BS4 4NZ',
    total_pupils: 199,
    statutory_low_age: 7,
    statutory_high_age: 11,
    latest_inspection_number: 'ITS377850',
    inspection_type: 'S5 Inspection',
    inspection_date: '2011-11-23',
    publication_date: '15/12/2011',
    outcome: 2,
    category_of_concern: null,
    quality_of_education: 9,
    behaviour_and_attitudes: 9,
    personal_development: 9,
    effectiveness_of_leadership: 2,
    safeguarding_effective: '9',
    early_years_provision: 9,
    sixth_form_provision: 9,
    previous_inspection_number: 'ITS288223',
    previous_inspection_date: '09/01/2007',
    previous_publication_date: '23/01/2007',
    previous_outcome: 2,
    latest_ungraded_inspection_number: '10199977',
    ungraded_inspection_date: '07/10/2021',
    ungraded_publication_date: '28/11/2021',
    ungraded_outcome: 'School remains Good',
    ofsted_report_url: 'http://www.ofsted.gov.uk/inspection-reports/find-inspection-report/provider/ELS/108919',
    import_date: '2025-09-07T22:04:35.866+00:00',
    data_source: 'Management_information_-_state-funded_schools_-_latest_inspections_as_at_31_July_2025.csv'
  }
]
All inspection outcomes: [
  2, 2, 2, 2, 2, 2, 2, 2, 2, 2, 2, 2,
  2, 2, 3, 2, 1, 2, 2, 1, 3, 1, 1, 2,
  2, 2, 2, 2, 2, 2, 2, 2, 2, 2, 2, 2,
  2, 2, 2, 2, 2, 2, 2, 2, 2, 2, 3, 2,
  2, 2, 2, 2, 2, 2, 2, 2, 2, 2, 2, 2,
  2, 2, 2, 2, 2, 3, 2, 2, 1, 3, 2, 2,
  2, 2, 2, 2, 2, 2, 1, 2, 3, 2, 2, 2,
  2, 2, 2, 2, 2, 2, 1, 2, 3, 1, 2, 2,
  2, 2, 2, 2,
  ... 102 more items
]
Outcome code mapping: {
  '1': 'Outstanding',
  '2': 'Good',
  '3': 'Requires improvement',
  '4': 'Inadequate'
}
City: bristol, CityDisplayName: Bristol, Schools: 486, Inspections: 241, Outstanding: 21, Good: 193
LocalRankings sample: [
  { urn: '108910', rank: 132 },
  { urn: '108911', rank: 98 },
  { urn: '108912', rank: 73 },
  { urn: '108914', rank: 223 },
  { urn: '108919', rank: 175 }
]
TopRankedSchool: {
  name: "St Mary's Church of England Primary School, Yate",
  urn: '109264',
  rank: 1
}
 GET /best-primary-schools/bristol 200 in 5113ms
 ✓ Compiled in 457ms (353 modules)
 ✓ Compiled in 761ms (353 modules)
 ○ Compiling /best-primary-schools/[city] ...
 ✓ Compiled /best-primary-schools/[city] in 1085ms (576 modules)
London area check: {
  city: 'bristol',
  cityLower: 'bristol',
  cityWithSpaces: 'bristol',
  cityCapitalized: 'Bristol',
  isLondonArea: false,
  foundData: undefined
}
Pupil data debug: {
  totalSchools: 486,
  schoolsWithPupilData: 0,
  totalPupils: 0,
  averagePupils: 0,
  samplePupilNumbers: []
}
Pupil data debug: {
  totalSchools: 486,
  schoolsWithValidPupils: 348,
  samplePupilNumbers: [
    { name: 'Badocks Wood E-ACT Academy', pupils: '207' },
    { name: 'Badocks Wood Primary School', pupils: '268' },
    { name: 'Bank Leaze Junior School', pupils: null },
    { name: 'Bank Leaze Primary School', pupils: null },
    { name: 'Barley Close Community Primary School', pupils: '236' }
  ]
}
Inspection data sample: [
  {
    id: 3304,
    created_at: '2025-09-07T22:04:39.105345+00:00',
    updated_at: '2025-09-07T22:04:39.105345+00:00',
    urn: '108910',
    school_name: 'Brunel Field Primary School',
    ofsted_phase: 'Primary',
    type_of_education: 'Community School',
    local_authority: 'Bristol',
    postcode: 'BS7 9JT',
    total_pupils: 393,
    statutory_low_age: 4,
    statutory_high_age: 11,
    latest_inspection_number: '10297869',
    inspection_type: 'S5 Inspection',
    inspection_date: '2023-11-21',
    publication_date: '15/01/2024',
    outcome: 2,
    category_of_concern: null,
    quality_of_education: 2,
    behaviour_and_attitudes: 2,
    personal_development: 2,
    effectiveness_of_leadership: 2,
    safeguarding_effective: 'Yes',
    early_years_provision: 2,
    sixth_form_provision: 9,
    previous_inspection_number: 'ITS377848',
    previous_inspection_date: '01/12/2011',
    previous_publication_date: '06/01/2012',
    previous_outcome: 1,
    latest_ungraded_inspection_number: 'NULL',
    ungraded_inspection_date: 'NULL',
    ungraded_publication_date: 'NULL',
    ungraded_outcome: 'NULL',
    ofsted_report_url: 'http://www.ofsted.gov.uk/inspection-reports/find-inspection-report/provider/ELS/108910',
    import_date: '2025-09-07T22:04:35.866+00:00',
    data_source: 'Management_information_-_state-funded_schools_-_latest_inspections_as_at_31_July_2025.csv'
  },
  {
    id: 3305,
    created_at: '2025-09-07T22:04:39.105345+00:00',
    updated_at: '2025-09-07T22:04:39.105345+00:00',
    urn: '108911',
    school_name: 'Ashley Down Primary School',
    ofsted_phase: 'Primary',
    type_of_education: 'Community School',
    local_authority: 'Bristol',
    postcode: 'BS7 9PD',
    total_pupils: 397,
    statutory_low_age: 4,
    statutory_high_age: 11,
    latest_inspection_number: '10049207',
    inspection_type: 'Exempt School Inspection',
    inspection_date: '2019-01-30',
    publication_date: '28/02/2019',
    outcome: 2,
    category_of_concern: null,
    quality_of_education: 9,
    behaviour_and_attitudes: 9,
    personal_development: 9,
    effectiveness_of_leadership: 2,
    safeguarding_effective: 'Yes',
    early_years_provision: 2,
    sixth_form_provision: 9,
    previous_inspection_number: 'ITS324862',
    previous_inspection_date: '14/05/2009',
    previous_publication_date: '10/06/2009',
    previous_outcome: 1,
    latest_ungraded_inspection_number: '10344437',
    ungraded_inspection_date: '18/12/2024',
    ungraded_publication_date: '27/01/2025',
    ungraded_outcome: 'Standards maintained',
    ofsted_report_url: 'http://www.ofsted.gov.uk/inspection-reports/find-inspection-report/provider/ELS/108911',
    import_date: '2025-09-07T22:04:35.866+00:00',
    data_source: 'Management_information_-_state-funded_schools_-_latest_inspections_as_at_31_July_2025.csv'
  },
  {
    id: 3306,
    created_at: '2025-09-07T22:04:39.105345+00:00',
    updated_at: '2025-09-07T22:04:39.105345+00:00',
    urn: '108919',
    school_name: 'Broomhill Junior School',
    ofsted_phase: 'Primary',
    type_of_education: 'Community School',
    local_authority: 'Bristol',
    postcode: 'BS4 4NZ',
    total_pupils: 199,
    statutory_low_age: 7,
    statutory_high_age: 11,
    latest_inspection_number: 'ITS377850',
    inspection_type: 'S5 Inspection',
    inspection_date: '2011-11-23',
    publication_date: '15/12/2011',
    outcome: 2,
    category_of_concern: null,
    quality_of_education: 9,
    behaviour_and_attitudes: 9,
    personal_development: 9,
    effectiveness_of_leadership: 2,
    safeguarding_effective: '9',
    early_years_provision: 9,
    sixth_form_provision: 9,
    previous_inspection_number: 'ITS288223',
    previous_inspection_date: '09/01/2007',
    previous_publication_date: '23/01/2007',
    previous_outcome: 2,
    latest_ungraded_inspection_number: '10199977',
    ungraded_inspection_date: '07/10/2021',
    ungraded_publication_date: '28/11/2021',
    ungraded_outcome: 'School remains Good',
    ofsted_report_url: 'http://www.ofsted.gov.uk/inspection-reports/find-inspection-report/provider/ELS/108919',
    import_date: '2025-09-07T22:04:35.866+00:00',
    data_source: 'Management_information_-_state-funded_schools_-_latest_inspections_as_at_31_July_2025.csv'
  }
]
All inspection outcomes: [
  2, 2, 2, 2, 2, 2, 2, 2, 2, 2, 2, 2,
  2, 2, 3, 2, 1, 2, 2, 1, 3, 1, 1, 2,
  2, 2, 2, 2, 2, 2, 2, 2, 2, 2, 2, 2,
  2, 2, 2, 2, 2, 2, 2, 2, 2, 2, 3, 2,
  2, 2, 2, 2, 2, 2, 2, 2, 2, 2, 2, 2,
  2, 2, 2, 2, 2, 3, 2, 2, 1, 3, 2, 2,
  2, 2, 2, 2, 2, 2, 1, 2, 3, 2, 2, 2,
  2, 2, 2, 2, 2, 2, 1, 2, 3, 1, 2, 2,
  2, 2, 2, 2,
  ... 102 more items
]
Outcome code mapping: {
  '1': 'Outstanding',
  '2': 'Good',
  '3': 'Requires improvement',
  '4': 'Inadequate'
}
City: bristol, CityDisplayName: Bristol, Schools: 486, Inspections: 241, Outstanding: 21, Good: 193
 GET /best-primary-schools/bristol 200 in 7326ms
London area check: {
  city: 'bristol',
  cityLower: 'bristol',
  cityWithSpaces: 'bristol',
  cityCapitalized: 'Bristol',
  isLondonArea: false,
  foundData: undefined
}
Pupil data debug: {
  totalSchools: 486,
  schoolsWithPupilData: 0,
  totalPupils: 0,
  averagePupils: 0,
  samplePupilNumbers: []
}
Pupil data debug: {
  totalSchools: 486,
  schoolsWithValidPupils: 348,
  samplePupilNumbers: [
    { name: 'Badocks Wood E-ACT Academy', pupils: '207' },
    { name: 'Badocks Wood Primary School', pupils: '268' },
    { name: 'Bank Leaze Junior School', pupils: null },
    { name: 'Bank Leaze Primary School', pupils: null },
    { name: 'Barley Close Community Primary School', pupils: '236' }
  ]
}
Inspection data sample: [
  {
    id: 3304,
    created_at: '2025-09-07T22:04:39.105345+00:00',
    updated_at: '2025-09-07T22:04:39.105345+00:00',
    urn: '108910',
    school_name: 'Brunel Field Primary School',
    ofsted_phase: 'Primary',
    type_of_education: 'Community School',
    local_authority: 'Bristol',
    postcode: 'BS7 9JT',
    total_pupils: 393,
    statutory_low_age: 4,
    statutory_high_age: 11,
    latest_inspection_number: '10297869',
    inspection_type: 'S5 Inspection',
    inspection_date: '2023-11-21',
    publication_date: '15/01/2024',
    outcome: 2,
    category_of_concern: null,
    quality_of_education: 2,
    behaviour_and_attitudes: 2,
    personal_development: 2,
    effectiveness_of_leadership: 2,
    safeguarding_effective: 'Yes',
    early_years_provision: 2,
    sixth_form_provision: 9,
    previous_inspection_number: 'ITS377848',
    previous_inspection_date: '01/12/2011',
    previous_publication_date: '06/01/2012',
    previous_outcome: 1,
    latest_ungraded_inspection_number: 'NULL',
    ungraded_inspection_date: 'NULL',
    ungraded_publication_date: 'NULL',
    ungraded_outcome: 'NULL',
    ofsted_report_url: 'http://www.ofsted.gov.uk/inspection-reports/find-inspection-report/provider/ELS/108910',
    import_date: '2025-09-07T22:04:35.866+00:00',
    data_source: 'Management_information_-_state-funded_schools_-_latest_inspections_as_at_31_July_2025.csv'
  },
  {
    id: 3305,
    created_at: '2025-09-07T22:04:39.105345+00:00',
    updated_at: '2025-09-07T22:04:39.105345+00:00',
    urn: '108911',
    school_name: 'Ashley Down Primary School',
    ofsted_phase: 'Primary',
    type_of_education: 'Community School',
    local_authority: 'Bristol',
    postcode: 'BS7 9PD',
    total_pupils: 397,
    statutory_low_age: 4,
    statutory_high_age: 11,
    latest_inspection_number: '10049207',
    inspection_type: 'Exempt School Inspection',
    inspection_date: '2019-01-30',
    publication_date: '28/02/2019',
    outcome: 2,
    category_of_concern: null,
    quality_of_education: 9,
    behaviour_and_attitudes: 9,
    personal_development: 9,
    effectiveness_of_leadership: 2,
    safeguarding_effective: 'Yes',
    early_years_provision: 2,
    sixth_form_provision: 9,
    previous_inspection_number: 'ITS324862',
    previous_inspection_date: '14/05/2009',
    previous_publication_date: '10/06/2009',
    previous_outcome: 1,
    latest_ungraded_inspection_number: '10344437',
    ungraded_inspection_date: '18/12/2024',
    ungraded_publication_date: '27/01/2025',
    ungraded_outcome: 'Standards maintained',
    ofsted_report_url: 'http://www.ofsted.gov.uk/inspection-reports/find-inspection-report/provider/ELS/108911',
    import_date: '2025-09-07T22:04:35.866+00:00',
    data_source: 'Management_information_-_state-funded_schools_-_latest_inspections_as_at_31_July_2025.csv'
  },
  {
    id: 3306,
    created_at: '2025-09-07T22:04:39.105345+00:00',
    updated_at: '2025-09-07T22:04:39.105345+00:00',
    urn: '108919',
    school_name: 'Broomhill Junior School',
    ofsted_phase: 'Primary',
    type_of_education: 'Community School',
    local_authority: 'Bristol',
    postcode: 'BS4 4NZ',
    total_pupils: 199,
    statutory_low_age: 7,
    statutory_high_age: 11,
    latest_inspection_number: 'ITS377850',
    inspection_type: 'S5 Inspection',
    inspection_date: '2011-11-23',
    publication_date: '15/12/2011',
    outcome: 2,
    category_of_concern: null,
    quality_of_education: 9,
    behaviour_and_attitudes: 9,
    personal_development: 9,
    effectiveness_of_leadership: 2,
    safeguarding_effective: '9',
    early_years_provision: 9,
    sixth_form_provision: 9,
    previous_inspection_number: 'ITS288223',
    previous_inspection_date: '09/01/2007',
    previous_publication_date: '23/01/2007',
    previous_outcome: 2,
    latest_ungraded_inspection_number: '10199977',
    ungraded_inspection_date: '07/10/2021',
    ungraded_publication_date: '28/11/2021',
    ungraded_outcome: 'School remains Good',
    ofsted_report_url: 'http://www.ofsted.gov.uk/inspection-reports/find-inspection-report/provider/ELS/108919',
    import_date: '2025-09-07T22:04:35.866+00:00',
    data_source: 'Management_information_-_state-funded_schools_-_latest_inspections_as_at_31_July_2025.csv'
  }
]
All inspection outcomes: [
  2, 2, 2, 2, 2, 2, 2, 2, 2, 2, 2, 2,
  2, 2, 3, 2, 1, 2, 2, 1, 3, 1, 1, 2,
  2, 2, 2, 2, 2, 2, 2, 2, 2, 2, 2, 2,
  2, 2, 2, 2, 2, 2, 2, 2, 2, 2, 3, 2,
  2, 2, 2, 2, 2, 2, 2, 2, 2, 2, 2, 2,
  2, 2, 2, 2, 2, 3, 2, 2, 1, 3, 2, 2,
  2, 2, 2, 2, 2, 2, 1, 2, 3, 2, 2, 2,
  2, 2, 2, 2, 2, 2, 1, 2, 3, 1, 2, 2,
  2, 2, 2, 2,
  ... 102 more items
]
Outcome code mapping: {
  '1': 'Outstanding',
  '2': 'Good',
  '3': 'Requires improvement',
  '4': 'Inadequate'
}
City: bristol, CityDisplayName: Bristol, Schools: 486, Inspections: 241, Outstanding: 21, Good: 193
 GET /best-primary-schools/bristol 200 in 2806ms
 ○ Compiling /local-authority/[slug] ...
 ✓ Compiled /local-authority/[slug] in 608ms (916 modules)
 GET /local-authority/newham 200 in 2354ms
 ✓ Compiled /best-primary-schools/[city] in 124ms (582 modules)
London area check: {
  city: 'bristol',
  cityLower: 'bristol',
  cityWithSpaces: 'bristol',
  cityCapitalized: 'Bristol',
  isLondonArea: false,
  foundData: undefined
}
Pupil data debug: {
  totalSchools: 486,
  schoolsWithPupilData: 0,
  totalPupils: 0,
  averagePupils: 0,
  samplePupilNumbers: []
}
Pupil data debug: {
  totalSchools: 486,
  schoolsWithValidPupils: 348,
  samplePupilNumbers: [
    { name: 'Badocks Wood E-ACT Academy', pupils: '207' },
    { name: 'Badocks Wood Primary School', pupils: '268' },
    { name: 'Bank Leaze Junior School', pupils: null },
    { name: 'Bank Leaze Primary School', pupils: null },
    { name: 'Barley Close Community Primary School', pupils: '236' }
  ]
}
Inspection data sample: [
  {
    id: 3304,
    created_at: '2025-09-07T22:04:39.105345+00:00',
    updated_at: '2025-09-07T22:04:39.105345+00:00',
    urn: '108910',
    school_name: 'Brunel Field Primary School',
    ofsted_phase: 'Primary',
    type_of_education: 'Community School',
    local_authority: 'Bristol',
    postcode: 'BS7 9JT',
    total_pupils: 393,
    statutory_low_age: 4,
    statutory_high_age: 11,
    latest_inspection_number: '10297869',
    inspection_type: 'S5 Inspection',
    inspection_date: '2023-11-21',
    publication_date: '15/01/2024',
    outcome: 2,
    category_of_concern: null,
    quality_of_education: 2,
    behaviour_and_attitudes: 2,
    personal_development: 2,
    effectiveness_of_leadership: 2,
    safeguarding_effective: 'Yes',
    early_years_provision: 2,
    sixth_form_provision: 9,
    previous_inspection_number: 'ITS377848',
    previous_inspection_date: '01/12/2011',
    previous_publication_date: '06/01/2012',
    previous_outcome: 1,
    latest_ungraded_inspection_number: 'NULL',
    ungraded_inspection_date: 'NULL',
    ungraded_publication_date: 'NULL',
    ungraded_outcome: 'NULL',
    ofsted_report_url: 'http://www.ofsted.gov.uk/inspection-reports/find-inspection-report/provider/ELS/108910',
    import_date: '2025-09-07T22:04:35.866+00:00',
    data_source: 'Management_information_-_state-funded_schools_-_latest_inspections_as_at_31_July_2025.csv'
  },
  {
    id: 3305,
    created_at: '2025-09-07T22:04:39.105345+00:00',
    updated_at: '2025-09-07T22:04:39.105345+00:00',
    urn: '108911',
    school_name: 'Ashley Down Primary School',
    ofsted_phase: 'Primary',
    type_of_education: 'Community School',
    local_authority: 'Bristol',
    postcode: 'BS7 9PD',
    total_pupils: 397,
    statutory_low_age: 4,
    statutory_high_age: 11,
    latest_inspection_number: '10049207',
    inspection_type: 'Exempt School Inspection',
    inspection_date: '2019-01-30',
    publication_date: '28/02/2019',
    outcome: 2,
    category_of_concern: null,
    quality_of_education: 9,
    behaviour_and_attitudes: 9,
    personal_development: 9,
    effectiveness_of_leadership: 2,
    safeguarding_effective: 'Yes',
    early_years_provision: 2,
    sixth_form_provision: 9,
    previous_inspection_number: 'ITS324862',
    previous_inspection_date: '14/05/2009',
    previous_publication_date: '10/06/2009',
    previous_outcome: 1,
    latest_ungraded_inspection_number: '10344437',
    ungraded_inspection_date: '18/12/2024',
    ungraded_publication_date: '27/01/2025',
    ungraded_outcome: 'Standards maintained',
    ofsted_report_url: 'http://www.ofsted.gov.uk/inspection-reports/find-inspection-report/provider/ELS/108911',
    import_date: '2025-09-07T22:04:35.866+00:00',
    data_source: 'Management_information_-_state-funded_schools_-_latest_inspections_as_at_31_July_2025.csv'
  },
  {
    id: 3306,
    created_at: '2025-09-07T22:04:39.105345+00:00',
    updated_at: '2025-09-07T22:04:39.105345+00:00',
    urn: '108919',
    school_name: 'Broomhill Junior School',
    ofsted_phase: 'Primary',
    type_of_education: 'Community School',
    local_authority: 'Bristol',
    postcode: 'BS4 4NZ',
    total_pupils: 199,
    statutory_low_age: 7,
    statutory_high_age: 11,
    latest_inspection_number: 'ITS377850',
    inspection_type: 'S5 Inspection',
    inspection_date: '2011-11-23',
    publication_date: '15/12/2011',
    outcome: 2,
    category_of_concern: null,
    quality_of_education: 9,
    behaviour_and_attitudes: 9,
    personal_development: 9,
    effectiveness_of_leadership: 2,
    safeguarding_effective: '9',
    early_years_provision: 9,
    sixth_form_provision: 9,
    previous_inspection_number: 'ITS288223',
    previous_inspection_date: '09/01/2007',
    previous_publication_date: '23/01/2007',
    previous_outcome: 2,
    latest_ungraded_inspection_number: '10199977',
    ungraded_inspection_date: '07/10/2021',
    ungraded_publication_date: '28/11/2021',
    ungraded_outcome: 'School remains Good',
    ofsted_report_url: 'http://www.ofsted.gov.uk/inspection-reports/find-inspection-report/provider/ELS/108919',
    import_date: '2025-09-07T22:04:35.866+00:00',
    data_source: 'Management_information_-_state-funded_schools_-_latest_inspections_as_at_31_July_2025.csv'
  }
]
All inspection outcomes: [
  2, 2, 2, 2, 2, 2, 2, 2, 2, 2, 2, 2,
  2, 2, 3, 2, 1, 2, 2, 1, 3, 1, 1, 2,
  2, 2, 2, 2, 2, 2, 2, 2, 2, 2, 2, 2,
  2, 2, 2, 2, 2, 2, 2, 2, 2, 2, 3, 2,
  2, 2, 2, 2, 2, 2, 2, 2, 2, 2, 2, 2,
  2, 2, 2, 2, 2, 3, 2, 2, 1, 3, 2, 2,
  2, 2, 2, 2, 2, 2, 1, 2, 3, 2, 2, 2,
  2, 2, 2, 2, 2, 2, 1, 2, 3, 1, 2, 2,
  2, 2, 2, 2,
  ... 102 more items
]
Outcome code mapping: {
  '1': 'Outstanding',
  '2': 'Good',
  '3': 'Requires improvement',
  '4': 'Inadequate'
}
City: bristol, CityDisplayName: Bristol, Schools: 486, Inspections: 241, Outstanding: 21, Good: 193
 GET /best-primary-schools/bristol 200 in 2274ms
 ✓ Compiled in 725ms (355 modules)
 ✓ Compiled in 254ms (355 modules)
 ✓ Compiled in 156ms (355 modules)
 ✓ Compiled in 146ms (355 modules)
 ✓ Compiled in 104ms (355 modules)
 ✓ Compiled /best-primary-schools/[city] in 335ms (576 modules)
London area check: {
  city: 'bristol',
  cityLower: 'bristol',
  cityWithSpaces: 'bristol',
  cityCapitalized: 'Bristol',
  isLondonArea: false,
  foundData: undefined
}
Pupil data debug: {
  totalSchools: 486,
  schoolsWithPupilData: 0,
  totalPupils: 0,
  averagePupils: 0,
  samplePupilNumbers: []
}
Pupil data debug: {
  totalSchools: 486,
  schoolsWithValidPupils: 348,
  samplePupilNumbers: [
    { name: 'Badocks Wood E-ACT Academy', pupils: '207' },
    { name: 'Badocks Wood Primary School', pupils: '268' },
    { name: 'Bank Leaze Junior School', pupils: null },
    { name: 'Bank Leaze Primary School', pupils: null },
    { name: 'Barley Close Community Primary School', pupils: '236' }
  ]
}
Inspection data sample: [
  {
    id: 3304,
    created_at: '2025-09-07T22:04:39.105345+00:00',
    updated_at: '2025-09-07T22:04:39.105345+00:00',
    urn: '108910',
    school_name: 'Brunel Field Primary School',
    ofsted_phase: 'Primary',
    type_of_education: 'Community School',
    local_authority: 'Bristol',
    postcode: 'BS7 9JT',
    total_pupils: 393,
    statutory_low_age: 4,
    statutory_high_age: 11,
    latest_inspection_number: '10297869',
    inspection_type: 'S5 Inspection',
    inspection_date: '2023-11-21',
    publication_date: '15/01/2024',
    outcome: 2,
    category_of_concern: null,
    quality_of_education: 2,
    behaviour_and_attitudes: 2,
    personal_development: 2,
    effectiveness_of_leadership: 2,
    safeguarding_effective: 'Yes',
    early_years_provision: 2,
    sixth_form_provision: 9,
    previous_inspection_number: 'ITS377848',
    previous_inspection_date: '01/12/2011',
    previous_publication_date: '06/01/2012',
    previous_outcome: 1,
    latest_ungraded_inspection_number: 'NULL',
    ungraded_inspection_date: 'NULL',
    ungraded_publication_date: 'NULL',
    ungraded_outcome: 'NULL',
    ofsted_report_url: 'http://www.ofsted.gov.uk/inspection-reports/find-inspection-report/provider/ELS/108910',
    import_date: '2025-09-07T22:04:35.866+00:00',
    data_source: 'Management_information_-_state-funded_schools_-_latest_inspections_as_at_31_July_2025.csv'
  },
  {
    id: 3305,
    created_at: '2025-09-07T22:04:39.105345+00:00',
    updated_at: '2025-09-07T22:04:39.105345+00:00',
    urn: '108911',
    school_name: 'Ashley Down Primary School',
    ofsted_phase: 'Primary',
    type_of_education: 'Community School',
    local_authority: 'Bristol',
    postcode: 'BS7 9PD',
    total_pupils: 397,
    statutory_low_age: 4,
    statutory_high_age: 11,
    latest_inspection_number: '10049207',
    inspection_type: 'Exempt School Inspection',
    inspection_date: '2019-01-30',
    publication_date: '28/02/2019',
    outcome: 2,
    category_of_concern: null,
    quality_of_education: 9,
    behaviour_and_attitudes: 9,
    personal_development: 9,
    effectiveness_of_leadership: 2,
    safeguarding_effective: 'Yes',
    early_years_provision: 2,
    sixth_form_provision: 9,
    previous_inspection_number: 'ITS324862',
    previous_inspection_date: '14/05/2009',
    previous_publication_date: '10/06/2009',
    previous_outcome: 1,
    latest_ungraded_inspection_number: '10344437',
    ungraded_inspection_date: '18/12/2024',
    ungraded_publication_date: '27/01/2025',
    ungraded_outcome: 'Standards maintained',
    ofsted_report_url: 'http://www.ofsted.gov.uk/inspection-reports/find-inspection-report/provider/ELS/108911',
    import_date: '2025-09-07T22:04:35.866+00:00',
    data_source: 'Management_information_-_state-funded_schools_-_latest_inspections_as_at_31_July_2025.csv'
  },
  {
    id: 3306,
    created_at: '2025-09-07T22:04:39.105345+00:00',
    updated_at: '2025-09-07T22:04:39.105345+00:00',
    urn: '108919',
    school_name: 'Broomhill Junior School',
    ofsted_phase: 'Primary',
    type_of_education: 'Community School',
    local_authority: 'Bristol',
    postcode: 'BS4 4NZ',
    total_pupils: 199,
    statutory_low_age: 7,
    statutory_high_age: 11,
    latest_inspection_number: 'ITS377850',
    inspection_type: 'S5 Inspection',
    inspection_date: '2011-11-23',
    publication_date: '15/12/2011',
    outcome: 2,
    category_of_concern: null,
    quality_of_education: 9,
    behaviour_and_attitudes: 9,
    personal_development: 9,
    effectiveness_of_leadership: 2,
    safeguarding_effective: '9',
    early_years_provision: 9,
    sixth_form_provision: 9,
    previous_inspection_number: 'ITS288223',
    previous_inspection_date: '09/01/2007',
    previous_publication_date: '23/01/2007',
    previous_outcome: 2,
    latest_ungraded_inspection_number: '10199977',
    ungraded_inspection_date: '07/10/2021',
    ungraded_publication_date: '28/11/2021',
    ungraded_outcome: 'School remains Good',
    ofsted_report_url: 'http://www.ofsted.gov.uk/inspection-reports/find-inspection-report/provider/ELS/108919',
    import_date: '2025-09-07T22:04:35.866+00:00',
    data_source: 'Management_information_-_state-funded_schools_-_latest_inspections_as_at_31_July_2025.csv'
  }
]
All inspection outcomes: [
  2, 2, 2, 2, 2, 2, 2, 2, 2, 2, 2, 2,
  2, 2, 3, 2, 1, 2, 2, 1, 3, 1, 1, 2,
  2, 2, 2, 2, 2, 2, 2, 2, 2, 2, 2, 2,
  2, 2, 2, 2, 2, 2, 2, 2, 2, 2, 3, 2,
  2, 2, 2, 2, 2, 2, 2, 2, 2, 2, 2, 2,
  2, 2, 2, 2, 2, 3, 2, 2, 1, 3, 2, 2,
  2, 2, 2, 2, 2, 2, 1, 2, 3, 2, 2, 2,
  2, 2, 2, 2, 2, 2, 1, 2, 3, 1, 2, 2,
  2, 2, 2, 2,
  ... 102 more items
]
Outcome code mapping: {
  '1': 'Outstanding',
  '2': 'Good',
  '3': 'Requires improvement',
  '4': 'Inadequate'
}
City: bristol, CityDisplayName: Bristol, Schools: 486, Inspections: 241, Outstanding: 21, Good: 193
 GET /best-primary-schools/bristol 200 in 3458ms
